<?xml version="1.0" encoding="UTF-8"?>
<!-- Generated by org.testng.reporters.JUnitReportReporter -->
<testsuite hostname="DESKTOP-C0PCHNE" failures="0" tests="1" name="testcases.TC_01_SignUpPage" time="10.942" errors="0" timestamp="2025-05-17T22:00:45 IST" skipped="0">
  <testcase classname="testcases.TC_01_SignUpPage" name="signUpPage" time="10.942"/>
</testsuite> <!-- testcases.TC_01_SignUpPage -->
