<?xml version="1.0" encoding="UTF-8"?>
<!-- Generated by org.testng.reporters.JUnitReportReporter -->
<testsuite hostname="DESKTOP-C0PCHNE" failures="0" tests="1" name="testcases.TC_01_SignUpPage" time="20.049" errors="0" timestamp="2025-05-17T23:06:08 IST" skipped="0">
  <testcase classname="testcases.TC_01_SignUpPage" name="signUpPage" time="20.049"/>
</testsuite> <!-- testcases.TC_01_SignUpPage -->
